# JRE version: OpenJDK Runtime Environment Temurin-21.0.11+10 (21.0.11+10) (build 21.0.11+10-LTS)
# Java VM: OpenJDK 64-Bit Server VM Temurin-21.0.11+10 (21.0.11+10-LTS, mixed mode, sharing, tiered, compressed oops, compressed class ptrs, g1 gc, windows-amd64)
GC Precious Log:
 CardTable entry size: 512
 Card Set container configuration: InlinePtr #cards 5 size 8 Array Of Cards #cards 12 size 40 Howl #buckets 4 coarsen threshold 1843 Howl Bitmap #cards 512 size 80 coarsen threshold 460 Card regions per heap region 1 cards per card region 2048
 CPUs: 8 total, 8 available
 Memory: 7455M
 Large Page Support: Disabled
 NUMA Support: Disabled
 Compressed Oops: Enabled (32-bit)
 Heap Region Size: 1M
 Heap Min Capacity: 8M
 Heap Initial Capacity: 118M
 Heap Max Capacity: 1536M
 Pre-touch: Disabled
 Parallel Workers: 8
 Concurrent Workers: 2
 Concurrent Refinement Workers: 8
 Periodic GC: Disabled
Heap:
 garbage-first heap   total 103424K, used 63920K [0x00000000a0000000, 0x0000000100000000)
  region size 1024K, 24 young (24576K), 7 survivors (7168K)
 Metaspace       used 60095K, committed 62016K, reserved 1114112K
  class space    used 8581K, committed 9536K, reserved 1048576K
GC Heap History (20 events):
Event: 8.463 GC heap before
{Heap before GC invocations=4 (full 0):
 garbage-first heap   total 120832K, used 31808K [0x00000000a0000000, 0x0000000100000000)
  region size 1024K, 13 young (13312K), 5 survivors (5120K)
 Metaspace       used 20881K, committed 21504K, reserved 1114112K
  class space    used 2828K, committed 3136K, reserved 1048576K
}
Event: 8.468 GC heap after
{Heap after GC invocations=5 (full 0):
 garbage-first heap   total 120832K, used 24894K [0x00000000a0000000, 0x0000000100000000)
  region size 1024K, 5 young (5120K), 5 survivors (5120K)
 Metaspace       used 20881K, committed 21504K, reserved 1114112K
  class space    used 2828K, committed 3136K, reserved 1048576K
}
Event: 9.654 GC heap before
{Heap before GC invocations=6 (full 0):
 garbage-first heap   total 86016K, used 70974K [0x00000000a0000000, 0x0000000100000000)
  region size 1024K, 50 young (51200K), 5 survivors (5120K)
 Metaspace       used 26736K, committed 27712K, reserved 1114112K
  class space    used 3814K, committed 4288K, reserved 1048576K
}
Event: 9.666 GC heap after
{Heap after GC invocations=7 (full 0):
 garbage-first heap   total 86016K, used 28002K [0x00000000a0000000, 0x0000000100000000)
  region size 1024K, 4 young (4096K), 4 survivors (4096K)
 Metaspace       used 26736K, committed 27712K, reserved 1114112K
  class space    used 3814K, committed 4288K, reserved 1048576K
}
Event: 10.873 GC heap before
{Heap before GC invocations=7 (full 0):
 garbage-first heap   total 86016K, used 71010K [0x00000000a0000000, 0x0000000100000000)
  region size 1024K, 46 young (47104K), 4 survivors (4096K)
 Metaspace       used 33587K, committed 34752K, reserved 1114112K
  class space    used 4740K, committed 5312K, reserved 1048576K
}
Event: 10.879 GC heap after
{Heap after GC invocations=8 (full 0):
 garbage-first heap   total 86016K, used 29699K [0x00000000a0000000, 0x0000000100000000)
  region size 1024K, 5 young (5120K), 5 survivors (5120K)
 Metaspace       used 33587K, committed 34752K, reserved 1114112K
  class space    used 4740K, committed 5312K, reserved 1048576K
}
Event: 11.099 GC heap before
{Heap before GC invocations=8 (full 0):
 garbage-first heap   total 86016K, used 39939K [0x00000000a0000000, 0x0000000100000000)
  region size 1024K, 16 young (16384K), 5 survivors (5120K)
 Metaspace       used 34781K, committed 35968K, reserved 1114112K
  class space    used 4940K, committed 5504K, reserved 1048576K
}
Event: 11.105 GC heap after
{Heap after GC invocations=9 (full 0):
 garbage-first heap   total 86016K, used 30557K [0x00000000a0000000, 0x0000000100000000)
  region size 1024K, 3 young (3072K), 3 survivors (3072K)
 Metaspace       used 34781K, committed 35968K, reserved 1114112K
  class space    used 4940K, committed 5504K, reserved 1048576K
}
Event: 12.103 GC heap before
{Heap before GC invocations=10 (full 0):
 garbage-first heap   total 86016K, used 74589K [0x00000000a0000000, 0x0000000100000000)
  region size 1024K, 47 young (48128K), 3 survivors (3072K)
 Metaspace       used 41162K, committed 42752K, reserved 1114112K
  class space    used 5824K, committed 6592K, reserved 1048576K
}
Event: 12.109 GC heap after
{Heap after GC invocations=11 (full 0):
 garbage-first heap   total 86016K, used 33910K [0x00000000a0000000, 0x0000000100000000)
  region size 1024K, 6 young (6144K), 6 survivors (6144K)
 Metaspace       used 41162K, committed 42752K, reserved 1114112K
  class space    used 5824K, committed 6592K, reserved 1048576K
}
Event: 12.579 GC heap before
{Heap before GC invocations=11 (full 0):
 garbage-first heap   total 86016K, used 74870K [0x00000000a0000000, 0x0000000100000000)
  region size 1024K, 46 young (47104K), 6 survivors (6144K)
 Metaspace       used 42684K, committed 44352K, reserved 1114112K
  class space    used 6087K, committed 6912K, reserved 1048576K
}
Event: 12.587 GC heap after
{Heap after GC invocations=12 (full 0):
 garbage-first heap   total 86016K, used 35165K [0x00000000a0000000, 0x0000000100000000)
  region size 1024K, 2 young (2048K), 2 survivors (2048K)
 Metaspace       used 42684K, committed 44352K, reserved 1114112K
  class space    used 6087K, committed 6912K, reserved 1048576K
}
Event: 13.596 GC heap before
{Heap before GC invocations=12 (full 0):
 garbage-first heap   total 86016K, used 76125K [0x00000000a0000000, 0x0000000100000000)
  region size 1024K, 42 young (43008K), 2 survivors (2048K)
 Metaspace       used 47385K, committed 49216K, reserved 1114112K
  class space    used 6849K, committed 7744K, reserved 1048576K
}
Event: 13.601 GC heap after
{Heap after GC invocations=13 (full 0):
 garbage-first heap   total 103424K, used 36715K [0x00000000a0000000, 0x0000000100000000)
  region size 1024K, 4 young (4096K), 4 survivors (4096K)
 Metaspace       used 47385K, committed 49216K, reserved 1114112K
  class space    used 6849K, committed 7744K, reserved 1048576K
}
Event: 15.445 GC heap before
{Heap before GC invocations=13 (full 0):
 garbage-first heap   total 103424K, used 93035K [0x00000000a0000000, 0x0000000100000000)
  region size 1024K, 59 young (60416K), 4 survivors (4096K)
 Metaspace       used 54699K, committed 56640K, reserved 1114112K
  class space    used 7877K, committed 8832K, reserved 1048576K
}
Event: 15.452 GC heap after
{Heap after GC invocations=14 (full 0):
 garbage-first heap   total 103424K, used 41561K [0x00000000a0000000, 0x0000000100000000)
  region size 1024K, 8 young (8192K), 8 survivors (8192K)
 Metaspace       used 54699K, committed 56640K, reserved 1114112K
  class space    used 7877K, committed 8832K, reserved 1048576K
}
Event: 16.519 GC heap before
{Heap before GC invocations=14 (full 0):
 garbage-first heap   total 103424K, used 78425K [0x00000000a0000000, 0x0000000100000000)
  region size 1024K, 45 young (46080K), 8 survivors (8192K)
 Metaspace       used 58191K, committed 60160K, reserved 1114112K
  class space    used 8446K, committed 9408K, reserved 1048576K
}
Event: 16.526 GC heap after
{Heap after GC invocations=15 (full 0):
 garbage-first heap   total 103424K, used 42912K [0x00000000a0000000, 0x0000000100000000)
  region size 1024K, 3 young (3072K), 3 survivors (3072K)
 Metaspace       used 58191K, committed 60160K, reserved 1114112K
  class space    used 8446K, committed 9408K, reserved 1048576K
}
Event: 18.455 GC heap before
{Heap before GC invocations=16 (full 0):
 garbage-first heap   total 103424K, used 93088K [0x00000000a0000000, 0x0000000100000000)
  region size 1024K, 52 young (53248K), 3 survivors (3072K)
 Metaspace       used 59875K, committed 61824K, reserved 1114112K
  class space    used 8581K, committed 9536K, reserved 1048576K
}
Event: 18.464 GC heap after
{Heap after GC invocations=17 (full 0):
 garbage-first heap   total 103424K, used 48560K [0x00000000a0000000, 0x0000000100000000)
  region size 1024K, 7 young (7168K), 7 survivors (7168K)
 Metaspace       used 59875K, committed 61824K, reserved 1114112K
  class space    used 8581K, committed 9536K, reserved 1048576K
}

