# JRE version: OpenJDK Runtime Environment Temurin-21.0.11+10 (21.0.11+10) (build 21.0.11+10-LTS)
# Java VM: OpenJDK 64-Bit Server VM Temurin-21.0.11+10 (21.0.11+10-LTS, mixed mode, sharing, tiered, compressed oops, compressed class ptrs, g1 gc, windows-amd64)
GC Precious Log:
 CardTable entry size: 512
 Card Set container configuration: InlinePtr #cards 4 size 8 Array Of Cards #cards 16 size 48 Howl #buckets 8 coarsen threshold 3686 Howl Bitmap #cards 512 size 80 coarsen threshold 460 Card regions per heap region 1 cards per card region 4096
 CPUs: 8 total, 8 available
 Memory: 7455M
 Large Page Support: Disabled
 NUMA Support: Disabled
 Compressed Oops: Enabled (Zero based)
 Heap Region Size: 2M
 Heap Min Capacity: 8M
 Heap Initial Capacity: 118M
 Heap Max Capacity: 4G
 Pre-touch: Disabled
 Parallel Workers: 8
 Concurrent Workers: 2
 Concurrent Refinement Workers: 8
 Periodic GC: Disabled
Heap:
 garbage-first heap   total 126976K, used 78837K [0x0000000700000000, 0x0000000800000000)
  region size 2048K, 1 young (2048K), 1 survivors (2048K)
 Metaspace       used 77758K, committed 79936K, reserved 1179648K
  class space    used 10801K, committed 11840K, reserved 1048576K
GC Heap History (20 events):
Event: 16.585 GC heap after
{Heap after GC invocations=20 (full 0):
 garbage-first heap   total 92160K, used 50598K [0x0000000700000000, 0x0000000800000000)
  region size 2048K, 2 young (4096K), 2 survivors (4096K)
 Metaspace       used 60213K, committed 62272K, reserved 1114112K
  class space    used 8575K, committed 9600K, reserved 1048576K
}
Event: 17.373 GC heap before
{Heap before GC invocations=21 (full 0):
 garbage-first heap   total 92160K, used 81318K [0x0000000700000000, 0x0000000800000000)
  region size 2048K, 18 young (36864K), 2 survivors (4096K)
 Metaspace       used 60315K, committed 62336K, reserved 1114112K
  class space    used 8588K, committed 9600K, reserved 1048576K
}
Event: 17.381 GC heap after
{Heap after GC invocations=22 (full 0):
 garbage-first heap   total 92160K, used 52560K [0x0000000700000000, 0x0000000800000000)
  region size 2048K, 2 young (4096K), 2 survivors (4096K)
 Metaspace       used 60315K, committed 62336K, reserved 1114112K
  class space    used 8588K, committed 9600K, reserved 1048576K
}
Event: 17.731 GC heap before
{Heap before GC invocations=22 (full 0):
 garbage-first heap   total 92160K, used 60752K [0x0000000700000000, 0x0000000800000000)
  region size 2048K, 8 young (16384K), 2 survivors (4096K)
 Metaspace       used 60890K, committed 62912K, reserved 1114112K
  class space    used 8672K, committed 9664K, reserved 1048576K
}
Event: 17.737 GC heap after
{Heap after GC invocations=23 (full 0):
 garbage-first heap   total 92160K, used 56623K [0x0000000700000000, 0x0000000800000000)
  region size 2048K, 3 young (6144K), 3 survivors (6144K)
 Metaspace       used 60890K, committed 62912K, reserved 1114112K
  class space    used 8672K, committed 9664K, reserved 1048576K
}
Event: 19.818 GC heap before
{Heap before GC invocations=24 (full 0):
 garbage-first heap   total 100352K, used 83247K [0x0000000700000000, 0x0000000800000000)
  region size 2048K, 16 young (32768K), 3 survivors (6144K)
 Metaspace       used 61968K, committed 64000K, reserved 1114112K
  class space    used 8794K, committed 9792K, reserved 1048576K
}
Event: 19.823 GC heap after
{Heap after GC invocations=25 (full 0):
 garbage-first heap   total 100352K, used 67178K [0x0000000700000000, 0x0000000800000000)
  region size 2048K, 2 young (4096K), 2 survivors (4096K)
 Metaspace       used 61968K, committed 64000K, reserved 1114112K
  class space    used 8794K, committed 9792K, reserved 1048576K
}
Event: 20.238 GC heap before
{Heap before GC invocations=25 (full 0):
 garbage-first heap   total 100352K, used 87658K [0x0000000700000000, 0x0000000800000000)
  region size 2048K, 12 young (24576K), 2 survivors (4096K)
 Metaspace       used 63574K, committed 65600K, reserved 1114112K
  class space    used 8982K, committed 9984K, reserved 1048576K
}
Event: 20.242 GC heap after
{Heap after GC invocations=26 (full 0):
 garbage-first heap   total 100352K, used 68257K [0x0000000700000000, 0x0000000800000000)
  region size 2048K, 1 young (2048K), 1 survivors (2048K)
 Metaspace       used 63574K, committed 65600K, reserved 1114112K
  class space    used 8982K, committed 9984K, reserved 1048576K
}
Event: 20.612 GC heap before
{Heap before GC invocations=26 (full 0):
 garbage-first heap   total 100352K, used 86689K [0x0000000700000000, 0x0000000800000000)
  region size 2048K, 11 young (22528K), 1 survivors (2048K)
 Metaspace       used 65638K, committed 67648K, reserved 1114112K
  class space    used 9197K, committed 10176K, reserved 1048576K
}
Event: 20.615 GC heap after
{Heap after GC invocations=27 (full 0):
 garbage-first heap   total 100352K, used 68405K [0x0000000700000000, 0x0000000800000000)
  region size 2048K, 1 young (2048K), 1 survivors (2048K)
 Metaspace       used 65638K, committed 67648K, reserved 1114112K
  class space    used 9197K, committed 10176K, reserved 1048576K
}
Event: 21.048 GC heap before
{Heap before GC invocations=28 (full 0):
 garbage-first heap   total 116736K, used 90933K [0x0000000700000000, 0x0000000800000000)
  region size 2048K, 12 young (24576K), 1 survivors (2048K)
 Metaspace       used 67708K, committed 69760K, reserved 1114112K
  class space    used 9410K, committed 10432K, reserved 1048576K
}
Event: 21.053 GC heap after
{Heap after GC invocations=29 (full 0):
 garbage-first heap   total 116736K, used 69216K [0x0000000700000000, 0x0000000800000000)
  region size 2048K, 2 young (4096K), 2 survivors (4096K)
 Metaspace       used 67708K, committed 69760K, reserved 1114112K
  class space    used 9410K, committed 10432K, reserved 1048576K
}
Event: 21.734 GC heap before
{Heap before GC invocations=29 (full 0):
 garbage-first heap   total 116736K, used 101984K [0x0000000700000000, 0x0000000800000000)
  region size 2048K, 17 young (34816K), 2 survivors (4096K)
 Metaspace       used 70533K, committed 72640K, reserved 1114112K
  class space    used 9846K, committed 10880K, reserved 1048576K
}
Event: 21.738 GC heap after
{Heap after GC invocations=30 (full 0):
 garbage-first heap   total 116736K, used 71566K [0x0000000700000000, 0x0000000800000000)
  region size 2048K, 2 young (4096K), 2 survivors (4096K)
 Metaspace       used 70533K, committed 72640K, reserved 1114112K
  class space    used 9846K, committed 10880K, reserved 1048576K
}
Event: 24.170 GC heap before
{Heap before GC invocations=30 (full 0):
 garbage-first heap   total 116736K, used 102286K [0x0000000700000000, 0x0000000800000000)
  region size 2048K, 17 young (34816K), 2 survivors (4096K)
 Metaspace       used 73575K, committed 75776K, reserved 1114112K
  class space    used 10269K, committed 11328K, reserved 1048576K
}
Event: 24.176 GC heap after
{Heap after GC invocations=31 (full 0):
 garbage-first heap   total 116736K, used 73087K [0x0000000700000000, 0x0000000800000000)
  region size 2048K, 3 young (6144K), 3 survivors (6144K)
 Metaspace       used 73575K, committed 75776K, reserved 1114112K
  class space    used 10269K, committed 11328K, reserved 1048576K
}
Event: 24.701 GC heap before
{Heap before GC invocations=32 (full 0):
 garbage-first heap   total 126976K, used 101759K [0x0000000700000000, 0x0000000800000000)
  region size 2048K, 18 young (36864K), 3 survivors (6144K)
 Metaspace       used 75411K, committed 77568K, reserved 1179648K
  class space    used 10479K, committed 11520K, reserved 1048576K
}
Event: 24.709 GC heap after
{Heap after GC invocations=33 (full 0):
 garbage-first heap   total 126976K, used 77543K [0x0000000700000000, 0x0000000800000000)
  region size 2048K, 3 young (6144K), 3 survivors (6144K)
 Metaspace       used 75411K, committed 77568K, reserved 1179648K
  class space    used 10479K, committed 11520K, reserved 1048576K
}
Event: 25.332 GC heap before
{Heap before GC invocations=33 (full 0):
 garbage-first heap   total 126976K, used 112359K [0x0000000700000000, 0x0000000800000000)
  region size 2048K, 20 young (40960K), 3 survivors (6144K)
 Metaspace       used 77758K, committed 79936K, reserved 1179648K
  class space    used 10801K, committed 11840K, reserved 1048576K
}

